2024-04-19 11:42:29,248 - ERROR - tuple indices must be integers or slices, not str
2024-04-19 11:47:54,857 - ERROR - tuple indices must be integers or slices, not str
2024-04-19 11:49:04,521 - ERROR - tuple indices must be integers or slices, not str
2024-04-19 12:01:47,451 - base_logger - ERROR - This is an error message
2024-04-19 12:01:47,451 - base_logger - CRITICAL - This is a critical message
2024-04-19 12:31:49,836 - Albo - ERROR - can't compare datetime.datetime to datetime.date
2024-04-19 12:31:50,439 - Albo - ERROR - can't compare datetime.datetime to datetime.date
2024-04-19 12:32:01,613 - Albo - ERROR - can't compare datetime.datetime to datetime.date
2024-04-19 12:32:12,563 - Albo - ERROR - can't compare datetime.datetime to datetime.date
2024-04-19 12:32:23,708 - Albo - ERROR - can't compare datetime.datetime to datetime.date
2024-04-19 12:32:34,762 - Albo - ERROR - can't compare datetime.datetime to datetime.date
2024-04-19 12:32:45,829 - Albo - ERROR - can't compare datetime.datetime to datetime.date
2024-04-19 12:32:56,952 - Albo - ERROR - can't compare datetime.datetime to datetime.date
2024-04-19 12:33:07,954 - Albo - ERROR - can't compare datetime.datetime to datetime.date
2024-04-19 12:33:08,500 - Albo - ERROR - can't compare datetime.datetime to datetime.date
2024-04-19 12:33:19,482 - Albo - ERROR - can't compare datetime.datetime to datetime.date
2024-04-19 12:33:30,659 - Albo - ERROR - can't compare datetime.datetime to datetime.date
2024-04-19 12:33:41,866 - Albo - ERROR - can't compare datetime.datetime to datetime.date
2024-04-19 12:33:53,195 - Albo - ERROR - can't compare datetime.datetime to datetime.date
2024-04-19 12:34:04,159 - Albo - ERROR - can't compare datetime.datetime to datetime.date
2024-04-19 12:34:04,807 - Albo - ERROR - can't compare datetime.datetime to datetime.date
2024-04-19 12:34:05,295 - Albo - ERROR - can't compare datetime.datetime to datetime.date
2024-04-19 12:34:05,780 - Albo - ERROR - can't compare datetime.datetime to datetime.date
2024-04-19 12:34:06,258 - Albo - ERROR - can't compare datetime.datetime to datetime.date
2024-04-19 12:34:06,743 - Albo - ERROR - can't compare datetime.datetime to datetime.date
2024-04-19 12:34:17,914 - Albo - ERROR - can't compare datetime.datetime to datetime.date
2024-04-19 12:34:38,495 - Albo - ERROR - can't compare datetime.datetime to datetime.date
2024-04-19 12:34:39,097 - Albo - ERROR - can't compare datetime.datetime to datetime.date
2024-04-19 12:34:50,177 - Albo - ERROR - can't compare datetime.datetime to datetime.date
2024-04-19 12:35:01,029 - Albo - ERROR - can't compare datetime.datetime to datetime.date
2024-04-19 12:35:12,076 - Albo - ERROR - can't compare datetime.datetime to datetime.date
2024-04-19 12:35:23,211 - Albo - ERROR - can't compare datetime.datetime to datetime.date
2024-04-19 12:35:34,262 - Albo - ERROR - can't compare datetime.datetime to datetime.date
2024-04-19 12:36:05,244 - Albo - ERROR - time data '24/06/2022' does not match format '%d/%m/%Y %H:%M:%S'
2024-04-19 12:36:05,821 - Albo - ERROR - time data '24/06/2022' does not match format '%d/%m/%Y %H:%M:%S'
2024-04-19 12:36:16,972 - Albo - ERROR - time data '05/07/2022' does not match format '%d/%m/%Y %H:%M:%S'
2024-04-19 12:36:27,914 - Albo - ERROR - time data '04/08/2022' does not match format '%d/%m/%Y %H:%M:%S'
2024-04-19 12:36:39,083 - Albo - ERROR - time data '11/08/2022' does not match format '%d/%m/%Y %H:%M:%S'
2024-04-19 12:36:50,224 - Albo - ERROR - time data '11/08/2022' does not match format '%d/%m/%Y %H:%M:%S'
2024-04-19 12:37:01,246 - Albo - ERROR - time data '23/08/2022' does not match format '%d/%m/%Y %H:%M:%S'
2024-04-19 12:37:12,271 - Albo - ERROR - time data '23/08/2022' does not match format '%d/%m/%Y %H:%M:%S'
2024-04-19 12:37:23,231 - Albo - ERROR - time data '06/09/2022' does not match format '%d/%m/%Y %H:%M:%S'
2024-04-19 12:37:23,803 - Albo - ERROR - time data '06/09/2022' does not match format '%d/%m/%Y %H:%M:%S'
2024-04-19 12:37:34,712 - Albo - ERROR - time data '16/09/2022' does not match format '%d/%m/%Y %H:%M:%S'
2024-04-19 12:37:46,266 - Albo - ERROR - time data '25/10/2022' does not match format '%d/%m/%Y %H:%M:%S'
2024-04-19 12:37:57,419 - Albo - ERROR - time data '12/12/2022' does not match format '%d/%m/%Y %H:%M:%S'
2024-04-19 12:38:08,684 - Albo - ERROR - time data '17/01/2023' does not match format '%d/%m/%Y %H:%M:%S'
2024-04-19 12:38:19,666 - Albo - ERROR - time data '20/01/2023' does not match format '%d/%m/%Y %H:%M:%S'
2024-04-19 12:38:20,238 - Albo - ERROR - time data '20/01/2023' does not match format '%d/%m/%Y %H:%M:%S'
2024-04-19 12:38:20,725 - Albo - ERROR - time data '20/01/2023' does not match format '%d/%m/%Y %H:%M:%S'
2024-04-19 12:38:21,190 - Albo - ERROR - time data '20/01/2023' does not match format '%d/%m/%Y %H:%M:%S'
2024-04-19 12:38:21,714 - Albo - ERROR - time data '20/01/2023' does not match format '%d/%m/%Y %H:%M:%S'
2024-04-19 12:38:22,169 - Albo - ERROR - time data '20/01/2023' does not match format '%d/%m/%Y %H:%M:%S'
2024-04-19 12:38:33,262 - Albo - ERROR - time data '28/03/2023' does not match format '%d/%m/%Y %H:%M:%S'
2024-04-19 12:48:04,360 - Albo - ERROR - can't compare datetime.datetime to datetime.date
2024-04-19 12:48:04,871 - Albo - ERROR - can't compare datetime.datetime to datetime.date
2024-04-19 12:48:16,117 - Albo - ERROR - can't compare datetime.datetime to datetime.date
2024-04-19 12:48:27,093 - Albo - ERROR - can't compare datetime.datetime to datetime.date
2024-04-19 12:48:38,230 - Albo - ERROR - can't compare datetime.datetime to datetime.date
2024-04-19 12:48:49,365 - Albo - ERROR - can't compare datetime.datetime to datetime.date
2024-04-19 12:49:00,470 - Albo - ERROR - can't compare datetime.datetime to datetime.date
2024-04-19 12:49:11,599 - Albo - ERROR - can't compare datetime.datetime to datetime.date
2024-04-19 12:49:22,531 - Albo - ERROR - can't compare datetime.datetime to datetime.date
2024-04-19 12:49:23,043 - Albo - ERROR - can't compare datetime.datetime to datetime.date
2024-04-19 12:49:34,027 - Albo - ERROR - can't compare datetime.datetime to datetime.date
2024-04-19 12:49:45,136 - Albo - ERROR - can't compare datetime.datetime to datetime.date
2024-04-19 12:49:56,277 - Albo - ERROR - can't compare datetime.datetime to datetime.date
2024-04-19 12:50:07,426 - Albo - ERROR - can't compare datetime.datetime to datetime.date
2024-04-19 12:53:04,426 - Albo - ERROR - 'datetime.date' object has no attribute 'date'
2024-04-19 12:53:04,968 - Albo - ERROR - 'datetime.date' object has no attribute 'date'
2024-04-19 12:53:16,143 - Albo - ERROR - 'datetime.date' object has no attribute 'date'
2024-04-19 12:53:27,223 - Albo - ERROR - 'datetime.date' object has no attribute 'date'
2024-04-19 12:53:38,402 - Albo - ERROR - 'datetime.date' object has no attribute 'date'
2024-04-19 12:53:49,512 - Albo - ERROR - 'datetime.date' object has no attribute 'date'
2024-04-19 12:54:00,630 - Albo - ERROR - 'datetime.date' object has no attribute 'date'
2024-04-19 12:54:11,865 - Albo - ERROR - 'datetime.date' object has no attribute 'date'
2024-04-19 12:54:22,813 - Albo - ERROR - 'datetime.date' object has no attribute 'date'
2024-04-19 12:54:23,442 - Albo - ERROR - 'datetime.date' object has no attribute 'date'
2024-04-19 12:54:34,535 - Albo - ERROR - 'datetime.date' object has no attribute 'date'
2024-04-19 14:29:57,004 - Albo - ERROR - 'Dao' object has no attribute 'get_doc_by_id'
2024-04-19 14:30:08,086 - Albo - ERROR - 'Dao' object has no attribute 'get_doc_by_id'
2024-04-19 14:30:19,199 - Albo - ERROR - 'Dao' object has no attribute 'get_doc_by_id'
2024-04-19 14:30:30,331 - Albo - ERROR - 'Dao' object has no attribute 'get_doc_by_id'
2024-04-19 14:30:41,371 - Albo - ERROR - 'Dao' object has no attribute 'get_doc_by_id'
2024-04-19 14:30:52,636 - Albo - ERROR - 'Dao' object has no attribute 'get_doc_by_id'
2024-04-19 14:31:03,630 - Albo - ERROR - 'Dao' object has no attribute 'get_doc_by_id'
2024-04-19 14:31:04,111 - Albo - ERROR - 'Dao' object has no attribute 'get_doc_by_id'
2024-04-19 14:31:15,166 - Albo - ERROR - 'Dao' object has no attribute 'get_doc_by_id'
2024-04-19 14:31:26,132 - Albo - ERROR - 'Dao' object has no attribute 'get_doc_by_id'
2024-04-22 16:39:36,731 - RomaTrasparenteJob - ERROR - An error occurred: strptime() argument 1 must be str, not datetime.date
2024-04-22 16:39:37,290 - RomaTrasparenteJob - ERROR - An error occurred: strptime() argument 1 must be str, not datetime.date
2024-04-22 16:39:37,651 - RomaTrasparenteJob - ERROR - An error occurred: strptime() argument 1 must be str, not datetime.date
2024-04-22 16:39:38,060 - RomaTrasparenteJob - ERROR - An error occurred: strptime() argument 1 must be str, not datetime.date
2024-04-22 16:39:38,545 - RomaTrasparenteJob - ERROR - An error occurred: strptime() argument 1 must be str, not datetime.date
2024-04-22 16:39:39,023 - RomaTrasparenteJob - ERROR - An error occurred: strptime() argument 1 must be str, not datetime.date
2024-04-22 16:39:39,417 - RomaTrasparenteJob - ERROR - An error occurred: strptime() argument 1 must be str, not datetime.date
2024-04-22 16:39:39,841 - RomaTrasparenteJob - ERROR - An error occurred: strptime() argument 1 must be str, not datetime.date
2024-04-22 16:39:40,257 - RomaTrasparenteJob - ERROR - An error occurred: strptime() argument 1 must be str, not datetime.date
2024-04-22 16:39:40,740 - RomaTrasparenteJob - ERROR - An error occurred: strptime() argument 1 must be str, not datetime.date
2024-04-22 16:39:41,901 - RomaTrasparenteJob - ERROR - An error occurred: strptime() argument 1 must be str, not datetime.date
2024-04-22 16:39:43,089 - RomaTrasparenteJob - ERROR - An error occurred: strptime() argument 1 must be str, not datetime.date
2024-04-22 16:39:44,427 - RomaTrasparenteJob - ERROR - An error occurred: strptime() argument 1 must be str, not datetime.date
2024-04-22 16:39:45,680 - RomaTrasparenteJob - ERROR - An error occurred: strptime() argument 1 must be str, not datetime.date
2024-04-22 16:39:46,063 - RomaTrasparenteJob - ERROR - An error occurred: strptime() argument 1 must be str, not datetime.date
2024-04-22 16:39:46,462 - RomaTrasparenteJob - ERROR - An error occurred: strptime() argument 1 must be str, not datetime.date
2024-04-22 16:39:46,900 - RomaTrasparenteJob - ERROR - An error occurred: strptime() argument 1 must be str, not datetime.date
2024-04-22 16:39:47,601 - RomaTrasparenteJob - ERROR - An error occurred: strptime() argument 1 must be str, not datetime.date
2024-04-22 16:39:47,991 - RomaTrasparenteJob - ERROR - An error occurred: strptime() argument 1 must be str, not datetime.date
2024-04-22 16:39:48,397 - RomaTrasparenteJob - ERROR - An error occurred: strptime() argument 1 must be str, not datetime.date
2024-04-22 16:39:49,149 - RomaTrasparenteJob - ERROR - An error occurred: strptime() argument 1 must be str, not datetime.date
2024-04-22 16:39:49,592 - RomaTrasparenteJob - ERROR - An error occurred: strptime() argument 1 must be str, not datetime.date
2024-04-22 16:39:50,071 - RomaTrasparenteJob - ERROR - An error occurred: strptime() argument 1 must be str, not datetime.date
2024-04-22 16:39:50,508 - RomaTrasparenteJob - ERROR - An error occurred: strptime() argument 1 must be str, not datetime.date
2024-04-22 16:39:50,905 - RomaTrasparenteJob - ERROR - An error occurred: strptime() argument 1 must be str, not datetime.date
2024-04-22 16:39:51,417 - RomaTrasparenteJob - ERROR - An error occurred: strptime() argument 1 must be str, not datetime.date
2024-04-22 16:40:24,138 - RomaTrasparenteJob - ERROR - An error occurred: strptime() argument 1 must be str, not datetime.date
2024-04-22 16:40:24,563 - RomaTrasparenteJob - ERROR - An error occurred: strptime() argument 1 must be str, not datetime.date
2024-04-22 16:40:24,940 - RomaTrasparenteJob - ERROR - An error occurred: strptime() argument 1 must be str, not datetime.date
2024-04-22 16:40:25,354 - RomaTrasparenteJob - ERROR - An error occurred: strptime() argument 1 must be str, not datetime.date
2024-04-22 16:40:25,745 - RomaTrasparenteJob - ERROR - An error occurred: strptime() argument 1 must be str, not datetime.date
2024-04-22 16:40:26,098 - RomaTrasparenteJob - ERROR - An error occurred: strptime() argument 1 must be str, not datetime.date
2024-04-22 16:40:26,434 - RomaTrasparenteJob - ERROR - An error occurred: strptime() argument 1 must be str, not datetime.date
2024-04-22 16:40:26,816 - RomaTrasparenteJob - ERROR - An error occurred: strptime() argument 1 must be str, not datetime.date
2024-04-22 16:40:27,225 - RomaTrasparenteJob - ERROR - An error occurred: strptime() argument 1 must be str, not datetime.date
2024-04-22 16:40:27,642 - RomaTrasparenteJob - ERROR - An error occurred: strptime() argument 1 must be str, not datetime.date
2024-04-22 16:40:28,728 - RomaTrasparenteJob - ERROR - An error occurred: strptime() argument 1 must be str, not datetime.date
2024-04-22 16:40:29,941 - RomaTrasparenteJob - ERROR - An error occurred: strptime() argument 1 must be str, not datetime.date
2024-04-22 16:40:31,135 - RomaTrasparenteJob - ERROR - An error occurred: strptime() argument 1 must be str, not datetime.date
2024-04-22 16:40:32,326 - RomaTrasparenteJob - ERROR - An error occurred: strptime() argument 1 must be str, not datetime.date
2024-04-22 16:40:32,690 - RomaTrasparenteJob - ERROR - An error occurred: strptime() argument 1 must be str, not datetime.date
2024-04-22 16:40:33,040 - RomaTrasparenteJob - ERROR - An error occurred: strptime() argument 1 must be str, not datetime.date
2024-04-22 16:40:33,371 - RomaTrasparenteJob - ERROR - An error occurred: strptime() argument 1 must be str, not datetime.date
2024-04-22 16:40:33,985 - RomaTrasparenteJob - ERROR - An error occurred: strptime() argument 1 must be str, not datetime.date
2024-04-22 16:40:34,456 - RomaTrasparenteJob - ERROR - An error occurred: strptime() argument 1 must be str, not datetime.date
2024-04-22 16:40:34,819 - RomaTrasparenteJob - ERROR - An error occurred: strptime() argument 1 must be str, not datetime.date
2024-04-22 16:40:35,452 - RomaTrasparenteJob - ERROR - An error occurred: strptime() argument 1 must be str, not datetime.date
2024-04-22 16:40:35,809 - RomaTrasparenteJob - ERROR - An error occurred: strptime() argument 1 must be str, not datetime.date
2024-04-22 16:40:36,180 - RomaTrasparenteJob - ERROR - An error occurred: strptime() argument 1 must be str, not datetime.date
2024-04-22 16:40:36,549 - RomaTrasparenteJob - ERROR - An error occurred: strptime() argument 1 must be str, not datetime.date
2024-04-22 16:40:36,970 - RomaTrasparenteJob - ERROR - An error occurred: strptime() argument 1 must be str, not datetime.date
2024-04-22 16:40:37,437 - RomaTrasparenteJob - ERROR - An error occurred: strptime() argument 1 must be str, not datetime.date
2024-04-22 16:41:10,540 - RomaTrasparenteJob - ERROR - An error occurred: strptime() argument 1 must be str, not datetime.date
2024-04-22 16:41:10,963 - RomaTrasparenteJob - ERROR - An error occurred: strptime() argument 1 must be str, not datetime.date
2024-04-22 16:41:11,338 - RomaTrasparenteJob - ERROR - An error occurred: strptime() argument 1 must be str, not datetime.date
2024-04-22 16:41:11,688 - RomaTrasparenteJob - ERROR - An error occurred: strptime() argument 1 must be str, not datetime.date
2024-04-22 16:41:12,096 - RomaTrasparenteJob - ERROR - An error occurred: strptime() argument 1 must be str, not datetime.date
2024-04-22 16:41:12,464 - RomaTrasparenteJob - ERROR - An error occurred: strptime() argument 1 must be str, not datetime.date
2024-04-22 16:41:12,790 - RomaTrasparenteJob - ERROR - An error occurred: strptime() argument 1 must be str, not datetime.date
2024-04-22 16:41:13,169 - RomaTrasparenteJob - ERROR - An error occurred: strptime() argument 1 must be str, not datetime.date
2024-04-22 16:41:13,546 - RomaTrasparenteJob - ERROR - An error occurred: strptime() argument 1 must be str, not datetime.date
2024-04-22 16:41:13,947 - RomaTrasparenteJob - ERROR - An error occurred: strptime() argument 1 must be str, not datetime.date
2024-04-22 16:41:15,047 - RomaTrasparenteJob - ERROR - An error occurred: strptime() argument 1 must be str, not datetime.date
2024-04-22 16:41:16,181 - RomaTrasparenteJob - ERROR - An error occurred: strptime() argument 1 must be str, not datetime.date
2024-04-22 16:41:17,286 - RomaTrasparenteJob - ERROR - An error occurred: strptime() argument 1 must be str, not datetime.date
2024-04-22 16:41:18,417 - RomaTrasparenteJob - ERROR - An error occurred: strptime() argument 1 must be str, not datetime.date
2024-04-22 16:41:18,793 - RomaTrasparenteJob - ERROR - An error occurred: strptime() argument 1 must be str, not datetime.date
2024-04-22 16:41:19,174 - RomaTrasparenteJob - ERROR - An error occurred: strptime() argument 1 must be str, not datetime.date
2024-04-22 16:41:19,514 - RomaTrasparenteJob - ERROR - An error occurred: strptime() argument 1 must be str, not datetime.date
2024-04-22 16:41:20,125 - RomaTrasparenteJob - ERROR - An error occurred: strptime() argument 1 must be str, not datetime.date
2024-04-22 16:41:20,548 - RomaTrasparenteJob - ERROR - An error occurred: strptime() argument 1 must be str, not datetime.date
2024-04-22 16:41:20,978 - RomaTrasparenteJob - ERROR - An error occurred: strptime() argument 1 must be str, not datetime.date
2024-04-22 16:41:21,603 - RomaTrasparenteJob - ERROR - An error occurred: strptime() argument 1 must be str, not datetime.date
2024-04-22 16:41:21,979 - RomaTrasparenteJob - ERROR - An error occurred: strptime() argument 1 must be str, not datetime.date
2024-04-22 16:41:22,389 - RomaTrasparenteJob - ERROR - An error occurred: strptime() argument 1 must be str, not datetime.date
2024-04-22 16:41:22,808 - RomaTrasparenteJob - ERROR - An error occurred: strptime() argument 1 must be str, not datetime.date
2024-04-22 16:41:23,159 - RomaTrasparenteJob - ERROR - An error occurred: strptime() argument 1 must be str, not datetime.date
2024-04-22 16:41:23,542 - RomaTrasparenteJob - ERROR - An error occurred: strptime() argument 1 must be str, not datetime.date
2024-04-22 16:43:52,978 - RomaTrasparenteJob - ERROR - An error occurred: strptime() argument 1 must be str, not datetime.date
2024-04-22 16:53:30,960 - RomaTrasparenteJob - ERROR - An error occurred: strptime() argument 1 must be str, not datetime.date
2024-04-22 16:53:31,444 - RomaTrasparenteJob - ERROR - An error occurred: strptime() argument 1 must be str, not datetime.date
2024-04-22 16:53:31,831 - RomaTrasparenteJob - ERROR - An error occurred: strptime() argument 1 must be str, not datetime.date
2024-04-22 16:53:32,222 - RomaTrasparenteJob - ERROR - An error occurred: strptime() argument 1 must be str, not datetime.date
2024-04-22 16:53:32,692 - RomaTrasparenteJob - ERROR - An error occurred: strptime() argument 1 must be str, not datetime.date
2024-04-22 16:53:33,057 - RomaTrasparenteJob - ERROR - An error occurred: strptime() argument 1 must be str, not datetime.date
2024-04-22 16:53:33,413 - RomaTrasparenteJob - ERROR - An error occurred: strptime() argument 1 must be str, not datetime.date
2024-04-22 16:53:33,824 - RomaTrasparenteJob - ERROR - An error occurred: strptime() argument 1 must be str, not datetime.date
2024-04-22 16:53:34,164 - RomaTrasparenteJob - ERROR - An error occurred: strptime() argument 1 must be str, not datetime.date
2024-04-22 16:53:34,592 - RomaTrasparenteJob - ERROR - An error occurred: strptime() argument 1 must be str, not datetime.date
2024-04-22 16:53:35,722 - RomaTrasparenteJob - ERROR - An error occurred: strptime() argument 1 must be str, not datetime.date
2024-04-22 16:53:36,911 - RomaTrasparenteJob - ERROR - An error occurred: strptime() argument 1 must be str, not datetime.date
2024-04-22 16:53:38,168 - RomaTrasparenteJob - ERROR - An error occurred: strptime() argument 1 must be str, not datetime.date
2024-04-22 16:53:39,541 - RomaTrasparenteJob - ERROR - An error occurred: strptime() argument 1 must be str, not datetime.date
2024-04-22 16:53:39,964 - RomaTrasparenteJob - ERROR - An error occurred: strptime() argument 1 must be str, not datetime.date
2024-04-22 16:53:40,440 - RomaTrasparenteJob - ERROR - An error occurred: strptime() argument 1 must be str, not datetime.date
2024-04-22 16:53:40,871 - RomaTrasparenteJob - ERROR - An error occurred: strptime() argument 1 must be str, not datetime.date
2024-04-22 16:53:41,602 - RomaTrasparenteJob - ERROR - An error occurred: strptime() argument 1 must be str, not datetime.date
2024-04-22 16:53:42,090 - RomaTrasparenteJob - ERROR - An error occurred: strptime() argument 1 must be str, not datetime.date
2024-04-22 16:53:42,507 - RomaTrasparenteJob - ERROR - An error occurred: strptime() argument 1 must be str, not datetime.date
2024-04-22 16:53:43,165 - RomaTrasparenteJob - ERROR - An error occurred: strptime() argument 1 must be str, not datetime.date
2024-04-22 16:53:43,645 - RomaTrasparenteJob - ERROR - An error occurred: strptime() argument 1 must be str, not datetime.date
2024-04-22 16:53:44,051 - RomaTrasparenteJob - ERROR - An error occurred: strptime() argument 1 must be str, not datetime.date
2024-04-22 16:53:44,457 - RomaTrasparenteJob - ERROR - An error occurred: strptime() argument 1 must be str, not datetime.date
2024-04-22 16:53:44,820 - RomaTrasparenteJob - ERROR - An error occurred: strptime() argument 1 must be str, not datetime.date
2024-04-22 16:53:45,337 - RomaTrasparenteJob - ERROR - An error occurred: strptime() argument 1 must be str, not datetime.date
2024-04-23 14:14:52,918 - RomaTrasparenteJob - ERROR - An error occurred: [Errno 2] No such file or directory: 'COMUNE DI ROMA/AMMINISTRAZIONE TRASPARENTE/Piano triennale per la prevenzione della corruzione e della trasparenza/Piano triennale per la prevenzione della corruzione e della trasparenza/RC20200001766-119982521-RA20190082864-119982521.pdf'
2024-04-23 14:14:53,919 - RomaTrasparenteJob - ERROR - An error occurred: [Errno 2] No such file or directory: 'COMUNE DI ROMA/AMMINISTRAZIONE TRASPARENTE/Piano triennale per la prevenzione della corruzione e della trasparenza/Piano triennale per la prevenzione della corruzione e della trasparenza/DCS_RA9744_2016ResponsabileTrasparenza.pdf'
2024-04-23 14:14:58,004 - RomaTrasparenteJob - ERROR - An error occurred: [Errno 2] No such file or directory: 'COMUNE DI ROMA/AMMINISTRAZIONE TRASPARENTE/Piano triennale per la prevenzione della corruzione e della trasparenza/Piano triennale per la prevenzione della corruzione e della trasparenza/DCS_RA9744_2016ResponsabileTrasparenza.pdf'
2024-04-23 14:15:03,266 - RomaTrasparenteJob - ERROR - An error occurred: [Errno 2] No such file or directory: 'COMUNE DI ROMA/AMMINISTRAZIONE TRASPARENTE/Piano triennale per la prevenzione della corruzione e della trasparenza/Piano triennale per la prevenzione della corruzione e della trasparenza/Deliberazione_della_Giunta_Capitolina_n._77_del_21_marzo_2024.pdf'
2024-04-23 14:15:04,087 - RomaTrasparenteJob - ERROR - An error occurred: [Errno 2] No such file or directory: 'COMUNE DI ROMA/AMMINISTRAZIONE TRASPARENTE/Piano triennale per la prevenzione della corruzione e della trasparenza/Piano triennale per la prevenzione della corruzione e della trasparenza/All_1_Tabella_Valutazione_del_rischio_2024.pdf'
2024-04-23 14:15:05,575 - RomaTrasparenteJob - ERROR - An error occurred: [Errno 2] No such file or directory: 'COMUNE DI ROMA/AMMINISTRAZIONE TRASPARENTE/Piano triennale per la prevenzione della corruzione e della trasparenza/Piano triennale per la prevenzione della corruzione e della trasparenza/All_3_Registro_e_valutazione_rischi_Appalti_2024.pdf'
2024-04-23 14:15:06,947 - RomaTrasparenteJob - ERROR - An error occurred: [Errno 2] No such file or directory: 'COMUNE DI ROMA/AMMINISTRAZIONE TRASPARENTE/Piano triennale per la prevenzione della corruzione e della trasparenza/Piano triennale per la prevenzione della corruzione e della trasparenza/All_6_Flussi_informativi_PIAO_20242026.pdf'
2024-04-23 14:15:07,357 - RomaTrasparenteJob - ERROR - An error occurred: [Errno 2] No such file or directory: 'COMUNE DI ROMA/AMMINISTRAZIONE TRASPARENTE/Piano triennale per la prevenzione della corruzione e della trasparenza/Piano triennale per la prevenzione della corruzione e della trasparenza/All_7_Check_list_Antiriciclaggio_PIAO_2024.pdf'
